\BOOKMARK [1][-]{section*.1}{About}{}% 1
\BOOKMARK [1][-]{section.1}{Lecture 1 - 12.01.21}{}% 2
\BOOKMARK [2][-]{subsection.1.1}{Administrative information and setup}{section.1}% 3
\BOOKMARK [2][-]{subsection.1.2}{Introduction}{section.1}% 4
\BOOKMARK [2][-]{subsection.1.3}{Intersection of curves}{section.1}% 5
\BOOKMARK [1][-]{section.2}{Lecture 2 - 18.01.21}{}% 6
\BOOKMARK [2][-]{subsection.2.1}{Affine algebraic sets}{section.2}% 7
\BOOKMARK [2][-]{subsection.2.2}{The ideal of an affine algebraic set}{section.2}% 8
\BOOKMARK [1][-]{section.3}{Lecture 3 - 19.01.21}{}% 9
\BOOKMARK [2][-]{subsection.3.1}{Irreducibility}{section.3}% 10
\BOOKMARK [2][-]{subsection.3.2}{Hilbert's nullstellensatz}{section.3}% 11
\BOOKMARK [1][-]{section.4}{Lecture 4 - 25.01.21}{}% 12
\BOOKMARK [2][-]{subsection.4.1}{Applications of Hilbert's nullstellensatz}{section.4}% 13
\BOOKMARK [2][-]{subsection.4.2}{First steps towards Bezout's theorem}{section.4}% 14
\BOOKMARK [1][-]{section.5}{Lecture 5 - 26.01.21}{}% 15
\BOOKMARK [2][-]{subsection.5.1}{Introduction to morphisms}{section.5}% 16
\BOOKMARK [2][-]{subsection.5.2}{Projective algebraic sets}{section.5}% 17
\BOOKMARK [1][-]{section.6}{Lecture 6 - 01.02.21}{}% 18
\BOOKMARK [1][-]{section.7}{Lecture 7 - 02.02.21}{}% 19
\BOOKMARK [2][-]{subsection.7.1}{Projective algebraic sets}{section.7}% 20
\BOOKMARK [2][-]{subsection.7.2}{Homography}{section.7}% 21
\BOOKMARK [2][-]{subsection.7.3}{What does projective space look like?}{section.7}% 22
\BOOKMARK [1][-]{section.8}{Lecture 8 - 08.02.21}{}% 23
\BOOKMARK [2][-]{subsection.8.1}{Projective algebraic sets}{section.8}% 24
\BOOKMARK [2][-]{subsection.8.2}{Ideal of a projective algebraic set}{section.8}% 25
\BOOKMARK [2][-]{subsection.8.3}{The cone construction}{section.8}% 26
\BOOKMARK [1][-]{section.9}{Lecture 9 - 09.02.21}{}% 27
\BOOKMARK [2][-]{subsection.9.1}{Motivation on sheaves}{section.9}% 28
\BOOKMARK [2][-]{subsection.9.2}{Definition and examples}{section.9}% 29
\BOOKMARK [1][-]{section.10}{Lecture 10 - 15.02.21}{}% 30
\BOOKMARK [2][-]{subsection.10.1}{Stalks and germs}{section.10}% 31
\BOOKMARK [1][-]{section.11}{Lecture 11 - 16.02.21}{}% 32
\BOOKMARK [2][-]{subsection.11.1}{Sheaves of rings}{section.11}% 33
\BOOKMARK [2][-]{subsection.11.2}{Morphisms of sheaves}{section.11}% 34
\BOOKMARK [2][-]{subsection.11.3}{Kernels, cokernels and images}{section.11}% 35
\BOOKMARK [1][-]{section.12}{Lecture 12 - 22.02.21}{}% 36
\BOOKMARK [2][-]{subsection.12.1}{Sheafification}{section.12}% 37
\BOOKMARK [2][-]{subsection.12.2}{Sheaves and varieties}{section.12}% 38
\BOOKMARK [1][-]{section.13}{Lecture 13 - 23.02.21}{}% 39
\BOOKMARK [2][-]{subsection.13.1}{The structural sheaf}{section.13}% 40
\BOOKMARK [2][-]{subsection.13.2}{Algebraic varieties}{section.13}% 41
\BOOKMARK [2][-]{subsection.13.3}{Projective algebraic varieties}{section.13}% 42
\BOOKMARK [1][-]{section.14}{Lecture 14 - 01.03.21}{}% 43
\BOOKMARK [1][-]{section.15}{Lecture 15 - 02.03.21}{}% 44
\BOOKMARK [2][-]{subsection.15.1}{Sheaves of modules on varieties}{section.15}% 45
\BOOKMARK [2][-]{subsection.15.2}{Projective varieties}{section.15}% 46
\BOOKMARK [1][-]{section.16}{Lecture 16 - 08.03.21}{}% 47
\BOOKMARK [2][-]{subsection.16.1}{Dimension}{section.16}% 48
\BOOKMARK [2][-]{subsection.16.2}{Relation to Krull dimension}{section.16}% 49
\BOOKMARK [1][-]{section.17}{Lecture 17 - 09.03.21}{}% 50
\BOOKMARK [2][-]{subsection.17.1}{Dimension and counting equations}{section.17}% 51
\BOOKMARK [1][-]{section.18}{Lecture 18 - 16.03.21}{}% 52
\BOOKMARK [2][-]{subsection.18.1}{Morphisms and dimension}{section.18}% 53
\BOOKMARK [1][-]{section.19}{Lecture 19 - 22.03.21}{}% 54
\BOOKMARK [2][-]{subsection.19.1}{Motivation for tangent spaces}{section.19}% 55
\BOOKMARK [2][-]{subsection.19.2}{Tangent spaces}{section.19}% 56
\BOOKMARK [1][-]{section.20}{Lecture 20 - 23.03.21}{}% 57
\BOOKMARK [2][-]{subsection.20.1}{Regular local rings}{section.20}% 58
\BOOKMARK [2][-]{subsection.20.2}{Curves}{section.20}% 59
\BOOKMARK [1][-]{section.21}{Lecture 21 - 12.04.21}{}% 60
\BOOKMARK [2][-]{subsection.21.1}{Intersection multiplicity}{section.21}% 61
\BOOKMARK [1][-]{section.22}{Lecture 22 - 13.04.21}{}% 62
\BOOKMARK [2][-]{subsection.22.1}{B\351zout's theorem}{section.22}% 63
\BOOKMARK [1][-]{section.23}{Lecture 23 - 19.04.21}{}% 64
\BOOKMARK [1][-]{section.24}{Lecture 24 - 20.04.21}{}% 65
\BOOKMARK [2][-]{subsection.24.1}{Sheaf cohomology}{section.24}% 66
\BOOKMARK [3][-]{subsubsection.24.1.1}{Cech cohomology}{subsection.24.1}% 67
\BOOKMARK [2][-]{subsection.24.2}{Vanishing theorems}{section.24}% 68
\BOOKMARK [1][-]{section.25}{Lecture 25 - 26.04.21}{}% 69
\BOOKMARK [2][-]{subsection.25.1}{Riemann-Roch theorem}{section.25}% 70
\BOOKMARK [1][-]{section.26}{Lecture 26 - 27.04.21}{}% 71
\BOOKMARK [2][-]{subsection.26.1}{Schemes}{section.26}% 72
\BOOKMARK [1][-]{section.27}{Lecture 27 - 03.05.21}{}% 73
\BOOKMARK [1][-]{section.28}{Lecture 28 - 04.05.21}{}% 74
\BOOKMARK [1][-]{appendix.A}{Appendix A}{}% 75
\BOOKMARK [2][-]{subsection.A.1}{Alternative proof of Hilbert's nullstellensatz}{appendix.A}% 76
